<?xml version="1.0" encoding="UTF-8"?>
<!-- Generated by org.testng.reporters.JUnitXMLReporter -->
<testsuite ignored="1" hostname="DESKTOP-CNHSPHG" failures="0" tests="3" name="GRP-Regression" time="0.066" errors="0" timestamp="2022-01-26T02:41:07 IST">
  <testcase classname="TestNG.GroupTestDemo" name="Test4" time="0.01"/>
  <testcase classname="TestNG.GroupTestDemo" name="Test1" time="0.001"/>
  <testcase classname="TestNG.GroupTestDemo" name="Test2" time="0.001"/>
  <testcase classname="TestNG.GroupTestDemo" name="Test3" time="0.0">
    <ignored/>
  </testcase> <!-- Test3 -->
</testsuite> <!-- GRP-Regression -->
