<?xml version="1.0" encoding="UTF-8"?>
<!-- Generated by org.testng.reporters.JUnitXMLReporter -->
<testsuite ignored="0" hostname="DESKTOP-CNHSPHG" failures="0" tests="4" name="GRP-User-registration" time="0.075" errors="0" timestamp="2022-01-26T02:42:58 IST">
  <testcase classname="TestNG.GroupTestDemo" name="Test3" time="0.011"/>
  <testcase classname="TestNG.GroupTestDemo" name="Test4" time="0.002"/>
  <testcase classname="TestNG.GroupTestDemo" name="Test1" time="0.002"/>
  <testcase classname="TestNG.GroupTestDemo" name="Test2" time="0.001"/>
</testsuite> <!-- GRP-User-registration -->
