<?xml version="1.0" encoding="UTF-8"?>
<!-- Generated by org.testng.reporters.JUnitXMLReporter -->
<testsuite ignored="2" hostname="DESKTOP-CNHSPHG" failures="0" tests="2" name="GRP-bvt" time="0.062" errors="0" timestamp="2022-01-26T02:41:28 IST">
  <testcase classname="TestNG.GroupTestDemo" name="Test3" time="0.009"/>
  <testcase classname="TestNG.GroupTestDemo" name="Test4" time="0.002"/>
  <testcase classname="TestNG.GroupTestDemo" name="Test1" time="0.0">
    <ignored/>
  </testcase> <!-- Test1 -->
  <testcase classname="TestNG.GroupTestDemo" name="Test2" time="0.0">
    <ignored/>
  </testcase> <!-- Test2 -->
</testsuite> <!-- GRP-bvt -->
