<?xml version="1.0" encoding="UTF-8"?>
<testng-results ignored="0" total="1" passed="1" failed="0" skipped="0">
  <reporter-output>
  </reporter-output>
  <suite started-at="2022-01-31T14:23:45 IST" name="Default suite" finished-at="2022-01-31T14:24:04 IST" duration-ms="18985">
    <groups>
    </groups>
    <test started-at="2022-01-31T14:23:45 IST" name="Default test" finished-at="2022-01-31T14:24:04 IST" duration-ms="18985">
      <class name="seleniumPractise.AutoSuggestionDropDown">
        <test-method signature="multiselect()[pri:0, instance:seleniumPractise.AutoSuggestionDropDown@53976f5c]" started-at="2022-01-31T14:23:45 IST" name="multiselect" finished-at="2022-01-31T14:24:04 IST" duration-ms="18923" status="PASS">
          <reporter-output>
          </reporter-output>
        </test-method> <!-- multiselect -->
      </class> <!-- seleniumPractise.AutoSuggestionDropDown -->
    </test> <!-- Default test -->
  </suite> <!-- Default suite -->
</testng-results>
