<?xml version="1.0" encoding="UTF-8"?>
<!-- Generated by org.testng.reporters.JUnitXMLReporter -->
<testsuite ignored="3" hostname="DESKTOP-CNHSPHG" failures="0" tests="3" name="Regression" time="0.075" errors="0" timestamp="2022-01-26T03:01:46 IST">
  <testcase classname="TestNG.GroupTestDemo" name="Test4" time="0.009"/>
  <testcase classname="TestNG.GroupTestDemo" name="Test1" time="0.002"/>
  <testcase classname="TestNG.GroupTestDemo" name="Test2" time="0.001"/>
  <testcase classname="TestNG.GroupTestDemo" name="Test3" time="0.0">
    <ignored/>
  </testcase> <!-- Test3 -->
  <testcase classname="TestNG.LoginTest" name="test1" time="0.0">
    <ignored/>
  </testcase> <!-- test1 -->
  <testcase classname="TestNG.LoginTest" name="test2" time="0.0">
    <ignored/>
  </testcase> <!-- test2 -->
</testsuite> <!-- Regression -->
